<?xml version="1.0" encoding="UTF-8"?>
<!-- Generated by org.testng.reporters.JUnitReportReporter -->
<testsuite hostname="Adda247s-MacBook-Pro-2.local" failures="0" tests="1" name="test_scripts.LoginTest" time="11.143" errors="0" timestamp="27 Jun 2022 21:56:21 GMT" skipped="0">
  <testcase classname="test_scripts.LoginTest" name="verifyLogin" time="11.143"/>
</testsuite> <!-- test_scripts.LoginTest -->
